<?xml version="1.0" encoding="UTF-8"?>
<!-- Generated by org.testng.reporters.JUnitXMLReporter -->
<testsuite ignored="4" hostname="Sidikes-MacBook-Pro.local" failures="0" tests="0" time="0.021" errors="0" timestamp="2023-02-23T19:48:01 EST">
  <testcase classname="package1Test.testing1Practice" name="test2" time="0.0">
    <ignored/>
  </testcase> <!-- test2 -->
  <testcase classname="package1Test.testing2Practice" name="test1" time="0.0">
    <ignored/>
  </testcase> <!-- test1 -->
  <testcase classname="package1Test.testing2Practice" name="test2" time="0.0">
    <ignored/>
  </testcase> <!-- test2 -->
  <testcase classname="package1Test.testing1Practice" name="test1" time="0.0">
    <ignored/>
  </testcase> <!-- test1 -->
</testsuite>
