<?xml version="1.0" encoding="UTF-8"?>
<!-- Generated by org.testng.reporters.JUnitXMLReporter -->
<testsuite ignored="0" hostname="Sidikes-MacBook-Pro.local" failures="0" tests="5" name="Prallel Test" time="30.374" errors="0" timestamp="2023-02-23T20:08:11 EST">
  <testcase classname="package1Test.TestParallel" name="method3" time="23.844"/>
  <testcase classname="package1Test.TestParallel" name="method1" time="23.86"/>
  <testcase classname="package1Test.TestParallel" name="method4" time="27.386"/>
  <testcase classname="package1Test.TestParallel" name="method2" time="30.321"/>
  <testcase classname="package1Test.TestParallel" name="method5" time="30.325"/>
</testsuite> <!-- Prallel Test -->
