<?xml version="1.0" encoding="UTF-8"?>
<!-- Generated by org.testng.reporters.JUnitXMLReporter -->
<testsuite ignored="0" hostname="Sidikes-MacBook-Pro.local" failures="0" tests="4" name="Test" time="0.094" errors="0" timestamp="2023-02-21T21:52:23 EST">
  <testcase classname="package1Test.testing1Practice" name="test1" time="0.005"/>
  <testcase classname="package1Test.testing1Practice" name="test2" time="0.002"/>
  <testcase classname="package1Test.testing2Practice" name="test1" time="0.001"/>
  <testcase classname="package1Test.testing2Practice" name="test2" time="0.001"/>
</testsuite> <!-- Test -->
