<?xml version="1.0" encoding="UTF-8"?>
<!-- Generated by org.testng.reporters.JUnitXMLReporter -->
<testsuite ignored="8" hostname="Sidikes-MacBook-Pro.local" failures="0" tests="2" name="Test coming from package1" time="0.087" errors="0" timestamp="2023-02-23T19:43:55 EST">
  <testcase classname="package1Test.GroupTestExample" name="testPrintMessage" time="0.007"/>
  <testcase classname="package1Test.GroupTestExample" name="testPrintName" time="0.001"/>
  <testcase classname="package1Test.IgnoreTest" name="testPrint" time="0.0">
    <ignored/>
  </testcase> <!-- testPrint -->
  <testcase classname="package1Test.testing1Practice" name="test2" time="0.0">
    <ignored/>
  </testcase> <!-- test2 -->
  <testcase classname="package1Test.testing2Practice" name="test2" time="0.0">
    <ignored/>
  </testcase> <!-- test2 -->
  <testcase classname="package1Test.GroupTestExample" name="testPrintAge" time="0.0">
    <ignored/>
  </testcase> <!-- testPrintAge -->
  <testcase classname="package1Test.testing1Practice" name="test1" time="0.0">
    <ignored/>
  </testcase> <!-- test1 -->
  <testcase classname="package1Test.IgnoreTest" name="testPrint2" time="0.0">
    <ignored/>
  </testcase> <!-- testPrint2 -->
  <testcase classname="package1Test.testing2Practice" name="test1" time="0.0">
    <ignored/>
  </testcase> <!-- test1 -->
  <testcase classname="package1Test.GroupTestExample" name="testPrintAnything" time="0.0">
    <ignored/>
  </testcase> <!-- testPrintAnything -->
</testsuite> <!-- Test coming from package1 -->
