<?xml version="1.0" encoding="UTF-8"?>
<testng-results ignored="0" total="1" passed="1" failed="0" skipped="0">
  <reporter-output>
  </reporter-output>
  <suite started-at="2023-03-29T21:39:26 EDT" name="Default suite" finished-at="2023-03-29T21:39:29 EDT" duration-ms="3340">
    <groups>
    </groups>
    <test started-at="2023-03-29T21:39:26 EDT" name="Default test" finished-at="2023-03-29T21:39:29 EDT" duration-ms="3340">
      <class name="restAssured.statusValidationTest">
        <test-method signature="validate()[pri:0, instance:restAssured.statusValidationTest@5f9b2141]" started-at="2023-03-29T21:39:26 EDT" name="validate" finished-at="2023-03-29T21:39:29 EDT" duration-ms="3310" status="PASS">
          <reporter-output>
          </reporter-output>
        </test-method> <!-- validate -->
      </class> <!-- restAssured.statusValidationTest -->
    </test> <!-- Default test -->
  </suite> <!-- Default suite -->
</testng-results>
