<?xml version="1.0" encoding="UTF-8"?>
<testng-results ignored="0" total="2" passed="2" failed="0" skipped="0">
  <reporter-output>
  </reporter-output>
  <suite started-at="2023-04-05T12:23:48 EDT" name="Suite" finished-at="2023-04-05T12:23:48 EDT" duration-ms="34">
    <groups>
    </groups>
    <test started-at="2023-04-05T12:23:48 EDT" name="Test" finished-at="2023-04-05T12:23:48 EDT" duration-ms="34">
      <class name="package1Test.testing1Practice">
        <test-method is-config="true" signature="beforeSuite()[pri:0, instance:package1Test.testing1Practice@a530d0a]" started-at="2023-04-05T12:23:48 EDT" name="beforeSuite" finished-at="2023-04-05T12:23:48 EDT" duration-ms="5" status="PASS">
          <reporter-output>
          </reporter-output>
        </test-method> <!-- beforeSuite -->
        <test-method is-config="true" signature="beforeTest()[pri:0, instance:package1Test.testing1Practice@a530d0a]" started-at="2023-04-05T12:23:48 EDT" name="beforeTest" finished-at="2023-04-05T12:23:48 EDT" duration-ms="0" status="PASS">
          <reporter-output>
          </reporter-output>
        </test-method> <!-- beforeTest -->
        <test-method is-config="true" signature="beforeClass()[pri:0, instance:package1Test.testing1Practice@a530d0a]" started-at="2023-04-05T12:23:48 EDT" name="beforeClass" finished-at="2023-04-05T12:23:48 EDT" duration-ms="1" status="PASS">
          <reporter-output>
          </reporter-output>
        </test-method> <!-- beforeClass -->
        <test-method is-config="true" signature="beforeMethod()[pri:0, instance:package1Test.testing1Practice@a530d0a]" started-at="2023-04-05T12:23:48 EDT" name="beforeMethod" finished-at="2023-04-05T12:23:48 EDT" duration-ms="0" status="PASS">
          <reporter-output>
          </reporter-output>
        </test-method> <!-- beforeMethod -->
        <test-method signature="test1()[pri:0, instance:package1Test.testing1Practice@a530d0a]" started-at="2023-04-05T12:23:48 EDT" name="test1" finished-at="2023-04-05T12:23:48 EDT" duration-ms="3" status="PASS">
          <reporter-output>
          </reporter-output>
        </test-method> <!-- test1 -->
        <test-method is-config="true" signature="afterMethod()[pri:0, instance:package1Test.testing1Practice@a530d0a]" started-at="2023-04-05T12:23:48 EDT" name="afterMethod" finished-at="2023-04-05T12:23:48 EDT" duration-ms="1" status="PASS">
          <reporter-output>
          </reporter-output>
        </test-method> <!-- afterMethod -->
        <test-method is-config="true" signature="beforeMethod()[pri:0, instance:package1Test.testing1Practice@a530d0a]" started-at="2023-04-05T12:23:48 EDT" name="beforeMethod" finished-at="2023-04-05T12:23:48 EDT" duration-ms="0" status="PASS">
          <reporter-output>
          </reporter-output>
        </test-method> <!-- beforeMethod -->
        <test-method signature="test2()[pri:0, instance:package1Test.testing1Practice@a530d0a]" started-at="2023-04-05T12:23:48 EDT" name="test2" finished-at="2023-04-05T12:23:48 EDT" duration-ms="2" status="PASS">
          <reporter-output>
          </reporter-output>
        </test-method> <!-- test2 -->
        <test-method is-config="true" signature="afterMethod()[pri:0, instance:package1Test.testing1Practice@a530d0a]" started-at="2023-04-05T12:23:48 EDT" name="afterMethod" finished-at="2023-04-05T12:23:48 EDT" duration-ms="1" status="PASS">
          <reporter-output>
          </reporter-output>
        </test-method> <!-- afterMethod -->
        <test-method is-config="true" signature="afterClass()[pri:0, instance:package1Test.testing1Practice@a530d0a]" started-at="2023-04-05T12:23:48 EDT" name="afterClass" finished-at="2023-04-05T12:23:48 EDT" duration-ms="0" status="PASS">
          <reporter-output>
          </reporter-output>
        </test-method> <!-- afterClass -->
        <test-method is-config="true" signature="afterTest()[pri:0, instance:package1Test.testing1Practice@a530d0a]" started-at="2023-04-05T12:23:48 EDT" name="afterTest" finished-at="2023-04-05T12:23:48 EDT" duration-ms="1" status="PASS">
          <reporter-output>
          </reporter-output>
        </test-method> <!-- afterTest -->
        <test-method is-config="true" signature="afterSuite()[pri:0, instance:package1Test.testing1Practice@a530d0a]" started-at="2023-04-05T12:23:49 EDT" name="afterSuite" finished-at="2023-04-05T12:23:49 EDT" duration-ms="1" status="PASS">
          <reporter-output>
          </reporter-output>
        </test-method> <!-- afterSuite -->
      </class> <!-- package1Test.testing1Practice -->
    </test> <!-- Test -->
  </suite> <!-- Suite -->
</testng-results>
